<?xml version="1.0" encoding="UTF-8"?>
<testng-results skipped="0" failed="0" ignored="0" total="1" passed="1">
  <reporter-output>
  </reporter-output>
  <suite name="Default suite" duration-ms="78" started-at="2019-02-16T13:09:58Z" finished-at="2019-02-16T13:09:58Z">
    <groups>
    </groups>
    <test name="Default test" duration-ms="78" started-at="2019-02-16T13:09:58Z" finished-at="2019-02-16T13:09:58Z">
      <class name="com.cp.autotest.Asertion1">
        <test-method status="PASS" signature="a()[pri:0, instance:com.cp.autotest.Asertion1@150efb8]" name="a" duration-ms="31" started-at="2019-02-16T13:09:58Z" finished-at="2019-02-16T13:09:58Z">
          <reporter-output>
          </reporter-output>
        </test-method> <!-- a -->
      </class> <!-- com.cp.autotest.Asertion1 -->
    </test> <!-- Default test -->
  </suite> <!-- Default suite -->
</testng-results>
